
==========> INNUca.py <==========

Program start: Tue Apr 25 15:19:23 2023

LOGFILE:
/ALMEIDA/PROJECTS/BACTERIAS/DGSP/DGSPefsa/INNUca/run.20230425-151923.log

COMMAND:
/software/miniconda3/envs/dgsp_efsa_py27/bin/python2.7 /software/miniconda3/envs/dgsp_efsa_contamination/INNUca/INNUca.py -j 16 -i /ALMEIDA/PROJECTS/BACTERIAS/DGSP/analysis/230210_LSPV002/pipeline/22_LM_03313/fastq -o INNUca -s Listeria monocytogenes -g 2.880

PRESENT DIRECTORY:
/ALMEIDA/PROJECTS/BACTERIAS/DGSP/DGSPefsa

VERSION INNUca.py:
Version 4.2.3
d3c1d27 (d3c1d276925bbcfef0349c93a7c87ed39c8c15ff) - Commit by GitHub, Wed Dec 14 15:34:02 2022) : Merge pull request #38 from B-UMMI/feature/update-rematch-version-container
* remoto origin
  URL  para obtener: https://github.com/B-UMMI/INNUca.git
  URL para empujar: https://github.com/B-UMMI/INNUca.git
  Rama HEAD: master
  Ramas remotas:
    master                 rastreada
    miguelpmachado-patch-1 rastreada
  Rama local configurada para 'git pull':
    master fusiona con remoto master
  Referencia local configurada para 'git push':
    master publica a master (actualizado)

No trueCoverage_ReMatCh config file was provided. Search for default files
The following trueCoverage_ReMatCh config file will be used: /software/miniconda3/envs/dgsp_efsa_contamination/INNUca/modules/trueCoverage_rematch/listeria_monocytogenes.config
The following trueCoverage_ReMatCh reference file will be used: /software/miniconda3/envs/dgsp_efsa_contamination/INNUca/modules/trueCoverage_rematch/listeria_monocytogenes.fasta


Checking dependencies...
/software/miniconda3/envs/dgsp_efsa_contamination/bin/java
java (impossible to determine program version) found at: /software/miniconda3/envs/dgsp_efsa_contamination/bin/java
/usr/bin/gunzip
gunzip (1.10) found

PATH variable:
/software/miniconda3/envs/dgsp_efsa_contamination/INNUca/src/fastqc_v0.11.5:/software/miniconda3/envs/dgsp_efsa_contamination/INNUca/src/Trimmomatic-0.39:/software/miniconda3/envs/dgsp_efsa_contamination/INNUca/src/PEAR_v0.9.10/bin:/software/miniconda3/envs/dgsp_efsa_contamination/INNUca/src/SPAdes-3.15.3-Linux/bin:/software/miniconda3/envs/dgsp_efsa_contamination/INNUca/src/bowtie2-2.2.9:/software/miniconda3/envs/dgsp_efsa_contamination/INNUca/src/samtools-1.3.1/bin:/software/miniconda3/envs/dgsp_efsa_contamination/INNUca/src/pilon_v1.24:/software/miniconda3/envs/dgsp_efsa_contamination/ReMatCh/ReMatCh/src/bcftools-1.3.1/bin:/software/miniconda3/envs/dgsp_efsa_contamination/INNUca:/software/miniconda3/envs/dgsp_efsa_contamination/ReMatCh/ReMatCh:/ALMEIDA/PROJECTS/BACTERIAS/DGSP/resources/signalp-5.0b/bin:/opt/apps/singularity/bin:/opt/apps/go/bin:/home/asanzc/perl5/bin:/home/asanzc/perl5/perlbrew/bin:/home/asanzc/perl5/perlbrew/perls/perl-5.32.0/bin:/home/asanzc/.local/bin:/home/asanzc/bin:/software/miniconda3/envs/dgsp_efsa_contamination/bin:/software/miniconda3/condabin:/opt/apps/singularity/bin:/opt/apps/go/bin:/home/asanzc/perl5/bin:/home/asanzc/.cargo/bin:/home/asanzc/.local/bin:/home/asanzc/bin:/usr/local/sbin:/usr/local/bin:/usr/sbin:/usr/bin:/sbin:/bin:/usr/games:/usr/local/games:/snap/bin:/snap/bin

Checking dependencies...
/software/miniconda3/envs/dgsp_efsa_contamination/INNUca/src/samtools-1.3.1/bin/samtools
samtools (1.3.1) found
/software/miniconda3/envs/dgsp_efsa_contamination/bin/java
java (impossible to determine program version) found at: /software/miniconda3/envs/dgsp_efsa_contamination/bin/java
/software/miniconda3/envs/dgsp_efsa_contamination/bin/mlst
Running: ['/software/miniconda3/envs/dgsp_efsa_contamination/bin/mlst', '--version']
STDERR
Can't locate List/MoreUtils.pm in @INC (you may need to install the List::MoreUtils module) (@INC contains: /software/miniconda3/envs/dgsp_efsa_sp/lib/perl5/5.32 /home/asanzc/perl5/perlbrew/perls/perl-5.32.0/lib/site_perl/5.32.0/x86_64-linux /home/asanzc/perl5/perlbrew/perls/perl-5.32.0/lib/site_perl/5.32.0 /home/asanzc/perl5/perlbrew/perls/perl-5.32.0/lib/5.32.0/x86_64-linux /home/asanzc/perl5/perlbrew/perls/perl-5.32.0/lib/5.32.0) at /software/miniconda3/envs/dgsp_efsa_contamination/bin/mlst line 7.
BEGIN failed--compilation aborted at /software/miniconda3/envs/dgsp_efsa_contamination/bin/mlst line 7.

mlst (7.) found
/software/miniconda3/envs/dgsp_efsa_contamination/INNUca/src/fastqc_v0.11.5/fastqc
fastqc (0.11.5) found
/software/miniconda3/envs/dgsp_efsa_contamination/ReMatCh/ReMatCh/rematch.py
rematch.py (4.1.0) found
/software/miniconda3/envs/dgsp_efsa_contamination/INNUca/src/SPAdes-3.15.3-Linux/bin/spades.py
spades.py (3.15.3) found
/software/miniconda3/envs/dgsp_efsa_contamination/INNUca/src/pilon_v1.24/pilon-1.24.jar
pilon-1.24.jar (1.24) found
/software/miniconda3/envs/dgsp_efsa_contamination/INNUca/src/Trimmomatic-0.39/trimmomatic-0.39.jar
trimmomatic-0.39.jar (0.39) found
/usr/bin/gunzip
gunzip (1.10) found
/software/miniconda3/envs/dgsp_efsa_contamination/ReMatCh/ReMatCh/src/bcftools-1.3.1/bin/bcftools
bcftools (1.3.1) found
/software/miniconda3/envs/dgsp_efsa_contamination/INNUca/src/bowtie2-2.2.9/bowtie2
bowtie2 (2.2.9) found

There is no samples folders! Search for fastq files in input directory
3 fastq file found for 22_LM_03313 sample. This sample will be ignored.
